[08-Nov-2018 08:37:22 UTC] PHP Fatal error:  Call to undefined function getProducts() in /home/ubuntu/workspace/CST336/labs/lab4/scart/index.php on line 41
[08-Nov-2018 08:37:22 UTC] PHP Stack trace:
[08-Nov-2018 08:37:22 UTC] PHP   1. {main}() /home/ubuntu/workspace/CST336/labs/lab4/scart/index.php:0
[08-Nov-2018 08:38:08 UTC] PHP Fatal error:  Call to undefined function getProducts() in /home/ubuntu/workspace/CST336/labs/lab4/scart/index.php on line 41
[08-Nov-2018 08:38:08 UTC] PHP Stack trace:
[08-Nov-2018 08:38:08 UTC] PHP   1. {main}() /home/ubuntu/workspace/CST336/labs/lab4/scart/index.php:0
[08-Nov-2018 08:40:43 UTC] PHP Warning:  include(wmapiphp): failed to open stream: No such file or directory in /home/ubuntu/workspace/CST336/labs/lab4/scart/index.php on line 40
[08-Nov-2018 08:40:43 UTC] PHP Stack trace:
[08-Nov-2018 08:40:43 UTC] PHP   1. {main}() /home/ubuntu/workspace/CST336/labs/lab4/scart/index.php:0
[08-Nov-2018 08:40:43 UTC] PHP Warning:  include(): Failed opening 'wmapiphp' for inclusion (include_path='.:/usr/share/php:/usr/share/pear') in /home/ubuntu/workspace/CST336/labs/lab4/scart/index.php on line 40
[08-Nov-2018 08:40:43 UTC] PHP Stack trace:
[08-Nov-2018 08:40:43 UTC] PHP   1. {main}() /home/ubuntu/workspace/CST336/labs/lab4/scart/index.php:0
[08-Nov-2018 08:40:43 UTC] PHP Fatal error:  Call to undefined function getProducts() in /home/ubuntu/workspace/CST336/labs/lab4/scart/index.php on line 42
[08-Nov-2018 08:40:43 UTC] PHP Stack trace:
[08-Nov-2018 08:40:43 UTC] PHP   1. {main}() /home/ubuntu/workspace/CST336/labs/lab4/scart/index.php:0
[08-Nov-2018 08:41:20 UTC] PHP Warning:  include(wmapiphp): failed to open stream: No such file or directory in /home/ubuntu/workspace/CST336/labs/lab4/scart/index.php on line 40
[08-Nov-2018 08:41:20 UTC] PHP Stack trace:
[08-Nov-2018 08:41:20 UTC] PHP   1. {main}() /home/ubuntu/workspace/CST336/labs/lab4/scart/index.php:0
[08-Nov-2018 08:41:20 UTC] PHP Warning:  include(): Failed opening 'wmapiphp' for inclusion (include_path='.:/usr/share/php:/usr/share/pear') in /home/ubuntu/workspace/CST336/labs/lab4/scart/index.php on line 40
[08-Nov-2018 08:41:20 UTC] PHP Stack trace:
[08-Nov-2018 08:41:20 UTC] PHP   1. {main}() /home/ubuntu/workspace/CST336/labs/lab4/scart/index.php:0
[08-Nov-2018 08:41:20 UTC] PHP Fatal error:  Call to undefined function getProducts() in /home/ubuntu/workspace/CST336/labs/lab4/scart/index.php on line 42
[08-Nov-2018 08:41:20 UTC] PHP Stack trace:
[08-Nov-2018 08:41:20 UTC] PHP   1. {main}() /home/ubuntu/workspace/CST336/labs/lab4/scart/index.php:0
[08-Nov-2018 09:02:33 UTC] PHP Parse error:  syntax error, unexpected '=' in /home/ubuntu/workspace/CST336/labs/lab4/scart/index.php on line 1
[08-Nov-2018 09:03:24 UTC] PHP Fatal error:  Call to undefined function displayResults() in /home/ubuntu/workspace/CST336/labs/lab4/scart/index.php on line 44
[08-Nov-2018 09:03:24 UTC] PHP Stack trace:
[08-Nov-2018 09:03:24 UTC] PHP   1. {main}() /home/ubuntu/workspace/CST336/labs/lab4/scart/index.php:0
[08-Nov-2018 09:10:50 UTC] PHP Fatal error:  Call to undefined function displayResults() in /home/ubuntu/workspace/CST336/labs/lab4/scart/index.php on line 45
[08-Nov-2018 09:10:50 UTC] PHP Stack trace:
[08-Nov-2018 09:10:50 UTC] PHP   1. {main}() /home/ubuntu/workspace/CST336/labs/lab4/scart/index.php:0
[08-Nov-2018 09:12:13 UTC] PHP Fatal error:  Call to undefined function displayResults() in /home/ubuntu/workspace/CST336/labs/lab4/scart/index.php on line 53
[08-Nov-2018 09:12:13 UTC] PHP Stack trace:
[08-Nov-2018 09:12:13 UTC] PHP   1. {main}() /home/ubuntu/workspace/CST336/labs/lab4/scart/index.php:0
[08-Nov-2018 09:12:41 UTC] PHP Fatal error:  Call to undefined function displayResults() in /home/ubuntu/workspace/CST336/labs/lab4/scart/index.php on line 55
[08-Nov-2018 09:12:41 UTC] PHP Stack trace:
[08-Nov-2018 09:12:41 UTC] PHP   1. {main}() /home/ubuntu/workspace/CST336/labs/lab4/scart/index.php:0
[08-Nov-2018 09:13:12 UTC] PHP Fatal error:  Call to undefined function displayResults() in /home/ubuntu/workspace/CST336/labs/lab4/scart/index.php on line 55
[08-Nov-2018 09:13:12 UTC] PHP Stack trace:
[08-Nov-2018 09:13:12 UTC] PHP   1. {main}() /home/ubuntu/workspace/CST336/labs/lab4/scart/index.php:0
[12-Nov-2018 19:42:28 UTC] PHP Parse error:  syntax error, unexpected 'echo' (T_ECHO), expecting ',' or ';' in /home/ubuntu/workspace/CST336/labs/lab4/scart/functions.php on line 22
[12-Nov-2018 19:42:28 UTC] PHP Stack trace:
[12-Nov-2018 19:42:28 UTC] PHP   1. {main}() /home/ubuntu/workspace/CST336/labs/lab4/scart/index.php:0
[12-Nov-2018 20:10:47 UTC] PHP Warning:  array_push() expects parameter 1 to be array, string given in /home/ubuntu/workspace/CST336/labs/lab4/scart/index.php on line 12
[12-Nov-2018 20:10:47 UTC] PHP Stack trace:
[12-Nov-2018 20:10:47 UTC] PHP   1. {main}() /home/ubuntu/workspace/CST336/labs/lab4/scart/index.php:0
[12-Nov-2018 20:10:47 UTC] PHP   2. array_push() /home/ubuntu/workspace/CST336/labs/lab4/scart/index.php:12
[12-Nov-2018 20:11:19 UTC] PHP Warning:  array_push() expects parameter 1 to be array, string given in /home/ubuntu/workspace/CST336/labs/lab4/scart/index.php on line 12
[12-Nov-2018 20:11:19 UTC] PHP Stack trace:
[12-Nov-2018 20:11:19 UTC] PHP   1. {main}() /home/ubuntu/workspace/CST336/labs/lab4/scart/index.php:0
[12-Nov-2018 20:11:19 UTC] PHP   2. array_push() /home/ubuntu/workspace/CST336/labs/lab4/scart/index.php:12
[12-Nov-2018 20:12:03 UTC] PHP Warning:  array_push() expects parameter 1 to be array, string given in /home/ubuntu/workspace/CST336/labs/lab4/scart/index.php on line 12
[12-Nov-2018 20:12:03 UTC] PHP Stack trace:
[12-Nov-2018 20:12:03 UTC] PHP   1. {main}() /home/ubuntu/workspace/CST336/labs/lab4/scart/index.php:0
[12-Nov-2018 20:12:03 UTC] PHP   2. array_push() /home/ubuntu/workspace/CST336/labs/lab4/scart/index.php:12
[12-Nov-2018 20:13:13 UTC] PHP Warning:  Invalid argument supplied for foreach() in /home/ubuntu/workspace/CST336/labs/lab4/scart/functions.php on line 8
[12-Nov-2018 20:13:13 UTC] PHP Stack trace:
[12-Nov-2018 20:13:13 UTC] PHP   1. {main}() /home/ubuntu/workspace/CST336/labs/lab4/scart/index.php:0
[12-Nov-2018 20:13:13 UTC] PHP   2. displayCart() /home/ubuntu/workspace/CST336/labs/lab4/scart/index.php:63
[12-Nov-2018 20:13:51 UTC] PHP Warning:  Invalid argument supplied for foreach() in /home/ubuntu/workspace/CST336/labs/lab4/scart/functions.php on line 8
[12-Nov-2018 20:13:51 UTC] PHP Stack trace:
[12-Nov-2018 20:13:51 UTC] PHP   1. {main}() /home/ubuntu/workspace/CST336/labs/lab4/scart/index.php:0
[12-Nov-2018 20:13:51 UTC] PHP   2. displayCart() /home/ubuntu/workspace/CST336/labs/lab4/scart/index.php:63
[12-Nov-2018 20:15:17 UTC] PHP Warning:  Invalid argument supplied for foreach() in /home/ubuntu/workspace/CST336/labs/lab4/scart/functions.php on line 8
[12-Nov-2018 20:15:17 UTC] PHP Stack trace:
[12-Nov-2018 20:15:17 UTC] PHP   1. {main}() /home/ubuntu/workspace/CST336/labs/lab4/scart/index.php:0
[12-Nov-2018 20:15:17 UTC] PHP   2. displayCart() /home/ubuntu/workspace/CST336/labs/lab4/scart/index.php:63
[12-Nov-2018 20:16:47 UTC] PHP Warning:  Invalid argument supplied for foreach() in /home/ubuntu/workspace/CST336/labs/lab4/scart/functions.php on line 9
[12-Nov-2018 20:16:47 UTC] PHP Stack trace:
[12-Nov-2018 20:16:47 UTC] PHP   1. {main}() /home/ubuntu/workspace/CST336/labs/lab4/scart/index.php:0
[12-Nov-2018 20:16:47 UTC] PHP   2. displayCart() /home/ubuntu/workspace/CST336/labs/lab4/scart/index.php:63
[12-Nov-2018 20:16:57 UTC] PHP Warning:  Invalid argument supplied for foreach() in /home/ubuntu/workspace/CST336/labs/lab4/scart/functions.php on line 9
[12-Nov-2018 20:16:57 UTC] PHP Stack trace:
[12-Nov-2018 20:16:57 UTC] PHP   1. {main}() /home/ubuntu/workspace/CST336/labs/lab4/scart/index.php:0
[12-Nov-2018 20:16:57 UTC] PHP   2. displayCart() /home/ubuntu/workspace/CST336/labs/lab4/scart/index.php:63
[12-Nov-2018 20:19:13 UTC] PHP Fatal error:  Call to undefined function displayResult() in /home/ubuntu/workspace/CST336/labs/lab4/scart/index.php on line 63
[12-Nov-2018 20:19:13 UTC] PHP Stack trace:
[12-Nov-2018 20:19:13 UTC] PHP   1. {main}() /home/ubuntu/workspace/CST336/labs/lab4/scart/index.php:0
[12-Nov-2018 20:19:41 UTC] PHP Fatal error:  Call to undefined function displayCart() in /home/ubuntu/workspace/CST336/labs/lab4/scart/scart.php on line 33
[12-Nov-2018 20:19:41 UTC] PHP Stack trace:
[12-Nov-2018 20:19:41 UTC] PHP   1. {main}() /home/ubuntu/workspace/CST336/labs/lab4/scart/scart.php:0
[12-Nov-2018 20:20:55 UTC] PHP Warning:  array_push() expects parameter 1 to be array, string given in /home/ubuntu/workspace/CST336/labs/lab4/scart/index.php on line 12
[12-Nov-2018 20:20:55 UTC] PHP Stack trace:
[12-Nov-2018 20:20:55 UTC] PHP   1. {main}() /home/ubuntu/workspace/CST336/labs/lab4/scart/index.php:0
[12-Nov-2018 20:20:55 UTC] PHP   2. array_push() /home/ubuntu/workspace/CST336/labs/lab4/scart/index.php:12
[12-Nov-2018 20:20:58 UTC] PHP Warning:  include(function.php): failed to open stream: No such file or directory in /home/ubuntu/workspace/CST336/labs/lab4/scart/scart.php on line 2
[12-Nov-2018 20:20:58 UTC] PHP Stack trace:
[12-Nov-2018 20:20:58 UTC] PHP   1. {main}() /home/ubuntu/workspace/CST336/labs/lab4/scart/scart.php:0
[12-Nov-2018 20:20:58 UTC] PHP Warning:  include(): Failed opening 'function.php' for inclusion (include_path='.:/usr/share/php:/usr/share/pear') in /home/ubuntu/workspace/CST336/labs/lab4/scart/scart.php on line 2
[12-Nov-2018 20:20:58 UTC] PHP Stack trace:
[12-Nov-2018 20:20:58 UTC] PHP   1. {main}() /home/ubuntu/workspace/CST336/labs/lab4/scart/scart.php:0
[12-Nov-2018 20:20:58 UTC] PHP Fatal error:  Call to undefined function displayCart() in /home/ubuntu/workspace/CST336/labs/lab4/scart/scart.php on line 34
[12-Nov-2018 20:20:58 UTC] PHP Stack trace:
[12-Nov-2018 20:20:58 UTC] PHP   1. {main}() /home/ubuntu/workspace/CST336/labs/lab4/scart/scart.php:0
[12-Nov-2018 20:21:14 UTC] PHP Warning:  array_push() expects parameter 1 to be array, string given in /home/ubuntu/workspace/CST336/labs/lab4/scart/index.php on line 12
[12-Nov-2018 20:21:14 UTC] PHP Stack trace:
[12-Nov-2018 20:21:14 UTC] PHP   1. {main}() /home/ubuntu/workspace/CST336/labs/lab4/scart/index.php:0
[12-Nov-2018 20:21:14 UTC] PHP   2. array_push() /home/ubuntu/workspace/CST336/labs/lab4/scart/index.php:12
[12-Nov-2018 20:21:15 UTC] PHP Warning:  include(function.php): failed to open stream: No such file or directory in /home/ubuntu/workspace/CST336/labs/lab4/scart/scart.php on line 2
[12-Nov-2018 20:21:15 UTC] PHP Stack trace:
[12-Nov-2018 20:21:15 UTC] PHP   1. {main}() /home/ubuntu/workspace/CST336/labs/lab4/scart/scart.php:0
[12-Nov-2018 20:21:15 UTC] PHP Warning:  include(): Failed opening 'function.php' for inclusion (include_path='.:/usr/share/php:/usr/share/pear') in /home/ubuntu/workspace/CST336/labs/lab4/scart/scart.php on line 2
[12-Nov-2018 20:21:15 UTC] PHP Stack trace:
[12-Nov-2018 20:21:15 UTC] PHP   1. {main}() /home/ubuntu/workspace/CST336/labs/lab4/scart/scart.php:0
[12-Nov-2018 20:21:15 UTC] PHP Fatal error:  Call to undefined function displayCart() in /home/ubuntu/workspace/CST336/labs/lab4/scart/scart.php on line 34
[12-Nov-2018 20:21:15 UTC] PHP Stack trace:
[12-Nov-2018 20:21:15 UTC] PHP   1. {main}() /home/ubuntu/workspace/CST336/labs/lab4/scart/scart.php:0
[12-Nov-2018 20:22:48 UTC] PHP Warning:  array_push() expects parameter 1 to be array, string given in /home/ubuntu/workspace/CST336/labs/lab4/scart/index.php on line 12
[12-Nov-2018 20:22:48 UTC] PHP Stack trace:
[12-Nov-2018 20:22:48 UTC] PHP   1. {main}() /home/ubuntu/workspace/CST336/labs/lab4/scart/index.php:0
[12-Nov-2018 20:22:48 UTC] PHP   2. array_push() /home/ubuntu/workspace/CST336/labs/lab4/scart/index.php:12
[12-Nov-2018 20:22:50 UTC] PHP Warning:  include(function.php): failed to open stream: No such file or directory in /home/ubuntu/workspace/CST336/labs/lab4/scart/scart.php on line 34
[12-Nov-2018 20:22:50 UTC] PHP Stack trace:
[12-Nov-2018 20:22:50 UTC] PHP   1. {main}() /home/ubuntu/workspace/CST336/labs/lab4/scart/scart.php:0
[12-Nov-2018 20:22:50 UTC] PHP Warning:  include(): Failed opening 'function.php' for inclusion (include_path='.:/usr/share/php:/usr/share/pear') in /home/ubuntu/workspace/CST336/labs/lab4/scart/scart.php on line 34
[12-Nov-2018 20:22:50 UTC] PHP Stack trace:
[12-Nov-2018 20:22:50 UTC] PHP   1. {main}() /home/ubuntu/workspace/CST336/labs/lab4/scart/scart.php:0
[12-Nov-2018 20:22:50 UTC] PHP Fatal error:  Call to undefined function displayCart() in /home/ubuntu/workspace/CST336/labs/lab4/scart/scart.php on line 35
[12-Nov-2018 20:22:50 UTC] PHP Stack trace:
[12-Nov-2018 20:22:50 UTC] PHP   1. {main}() /home/ubuntu/workspace/CST336/labs/lab4/scart/scart.php:0
[12-Nov-2018 20:23:14 UTC] PHP Warning:  array_push() expects parameter 1 to be array, string given in /home/ubuntu/workspace/CST336/labs/lab4/scart/index.php on line 12
[12-Nov-2018 20:23:14 UTC] PHP Stack trace:
[12-Nov-2018 20:23:14 UTC] PHP   1. {main}() /home/ubuntu/workspace/CST336/labs/lab4/scart/index.php:0
[12-Nov-2018 20:23:14 UTC] PHP   2. array_push() /home/ubuntu/workspace/CST336/labs/lab4/scart/index.php:12
[12-Nov-2018 20:23:16 UTC] PHP Warning:  Invalid argument supplied for foreach() in /home/ubuntu/workspace/CST336/labs/lab4/scart/functions.php on line 9
[12-Nov-2018 20:23:16 UTC] PHP Stack trace:
[12-Nov-2018 20:23:16 UTC] PHP   1. {main}() /home/ubuntu/workspace/CST336/labs/lab4/scart/scart.php:0
[12-Nov-2018 20:23:16 UTC] PHP   2. displayCart() /home/ubuntu/workspace/CST336/labs/lab4/scart/scart.php:35
[12-Nov-2018 20:24:29 UTC] PHP Warning:  Invalid argument supplied for foreach() in /home/ubuntu/workspace/CST336/labs/lab4/scart/functions.php on line 11
[12-Nov-2018 20:24:29 UTC] PHP Stack trace:
[12-Nov-2018 20:24:29 UTC] PHP   1. {main}() /home/ubuntu/workspace/CST336/labs/lab4/scart/scart.php:0
[12-Nov-2018 20:24:29 UTC] PHP   2. displayCart() /home/ubuntu/workspace/CST336/labs/lab4/scart/scart.php:35
[12-Nov-2018 20:24:43 UTC] PHP Warning:  Invalid argument supplied for foreach() in /home/ubuntu/workspace/CST336/labs/lab4/scart/functions.php on line 11
[12-Nov-2018 20:24:43 UTC] PHP Stack trace:
[12-Nov-2018 20:24:43 UTC] PHP   1. {main}() /home/ubuntu/workspace/CST336/labs/lab4/scart/scart.php:0
[12-Nov-2018 20:24:43 UTC] PHP   2. displayCart() /home/ubuntu/workspace/CST336/labs/lab4/scart/scart.php:35
[12-Nov-2018 20:26:05 UTC] PHP Warning:  Invalid argument supplied for foreach() in /home/ubuntu/workspace/CST336/labs/lab4/scart/functions.php on line 11
[12-Nov-2018 20:26:05 UTC] PHP Stack trace:
[12-Nov-2018 20:26:05 UTC] PHP   1. {main}() /home/ubuntu/workspace/CST336/labs/lab4/scart/scart.php:0
[12-Nov-2018 20:26:05 UTC] PHP   2. displayCart() /home/ubuntu/workspace/CST336/labs/lab4/scart/scart.php:35
[12-Nov-2018 20:27:51 UTC] PHP Warning:  Invalid argument supplied for foreach() in /home/ubuntu/workspace/CST336/labs/lab4/scart/functions.php on line 13
[12-Nov-2018 20:27:51 UTC] PHP Stack trace:
[12-Nov-2018 20:27:51 UTC] PHP   1. {main}() /home/ubuntu/workspace/CST336/labs/lab4/scart/scart.php:0
[12-Nov-2018 20:27:51 UTC] PHP   2. displayCart() /home/ubuntu/workspace/CST336/labs/lab4/scart/scart.php:35
[12-Nov-2018 20:28:28 UTC] PHP Warning:  Invalid argument supplied for foreach() in /home/ubuntu/workspace/CST336/labs/lab4/scart/functions.php on line 13
[12-Nov-2018 20:28:28 UTC] PHP Stack trace:
[12-Nov-2018 20:28:28 UTC] PHP   1. {main}() /home/ubuntu/workspace/CST336/labs/lab4/scart/scart.php:0
[12-Nov-2018 20:28:28 UTC] PHP   2. displayCart() /home/ubuntu/workspace/CST336/labs/lab4/scart/scart.php:35
[12-Nov-2018 20:29:19 UTC] PHP Warning:  Invalid argument supplied for foreach() in /home/ubuntu/workspace/CST336/labs/lab4/scart/functions.php on line 13
[12-Nov-2018 20:29:19 UTC] PHP Stack trace:
[12-Nov-2018 20:29:19 UTC] PHP   1. {main}() /home/ubuntu/workspace/CST336/labs/lab4/scart/scart.php:0
[12-Nov-2018 20:29:19 UTC] PHP   2. displayCart() /home/ubuntu/workspace/CST336/labs/lab4/scart/scart.php:35
[12-Nov-2018 20:32:43 UTC] PHP Warning:  Invalid argument supplied for foreach() in /home/ubuntu/workspace/CST336/labs/lab4/scart/functions.php on line 13
[12-Nov-2018 20:32:43 UTC] PHP Stack trace:
[12-Nov-2018 20:32:43 UTC] PHP   1. {main}() /home/ubuntu/workspace/CST336/labs/lab4/scart/scart.php:0
[12-Nov-2018 20:32:43 UTC] PHP   2. displayCart() /home/ubuntu/workspace/CST336/labs/lab4/scart/scart.php:35
[12-Nov-2018 20:33:09 UTC] PHP Warning:  Invalid argument supplied for foreach() in /home/ubuntu/workspace/CST336/labs/lab4/scart/functions.php on line 13
[12-Nov-2018 20:33:09 UTC] PHP Stack trace:
[12-Nov-2018 20:33:09 UTC] PHP   1. {main}() /home/ubuntu/workspace/CST336/labs/lab4/scart/scart.php:0
[12-Nov-2018 20:33:09 UTC] PHP   2. displayCart() /home/ubuntu/workspace/CST336/labs/lab4/scart/scart.php:35
[12-Nov-2018 20:33:14 UTC] PHP Warning:  Invalid argument supplied for foreach() in /home/ubuntu/workspace/CST336/labs/lab4/scart/functions.php on line 13
[12-Nov-2018 20:33:14 UTC] PHP Stack trace:
[12-Nov-2018 20:33:14 UTC] PHP   1. {main}() /home/ubuntu/workspace/CST336/labs/lab4/scart/scart.php:0
[12-Nov-2018 20:33:14 UTC] PHP   2. displayCart() /home/ubuntu/workspace/CST336/labs/lab4/scart/scart.php:35
[12-Nov-2018 20:34:03 UTC] PHP Warning:  Invalid argument supplied for foreach() in /home/ubuntu/workspace/CST336/labs/lab4/scart/functions.php on line 13
[12-Nov-2018 20:34:03 UTC] PHP Stack trace:
[12-Nov-2018 20:34:03 UTC] PHP   1. {main}() /home/ubuntu/workspace/CST336/labs/lab4/scart/scart.php:0
[12-Nov-2018 20:34:03 UTC] PHP   2. displayCart() /home/ubuntu/workspace/CST336/labs/lab4/scart/scart.php:35
[12-Nov-2018 20:34:04 UTC] PHP Warning:  Invalid argument supplied for foreach() in /home/ubuntu/workspace/CST336/labs/lab4/scart/functions.php on line 13
[12-Nov-2018 20:34:04 UTC] PHP Stack trace:
[12-Nov-2018 20:34:04 UTC] PHP   1. {main}() /home/ubuntu/workspace/CST336/labs/lab4/scart/scart.php:0
[12-Nov-2018 20:34:04 UTC] PHP   2. displayCart() /home/ubuntu/workspace/CST336/labs/lab4/scart/scart.php:35
[12-Nov-2018 20:34:05 UTC] PHP Warning:  Invalid argument supplied for foreach() in /home/ubuntu/workspace/CST336/labs/lab4/scart/functions.php on line 13
[12-Nov-2018 20:34:05 UTC] PHP Stack trace:
[12-Nov-2018 20:34:05 UTC] PHP   1. {main}() /home/ubuntu/workspace/CST336/labs/lab4/scart/scart.php:0
[12-Nov-2018 20:34:05 UTC] PHP   2. displayCart() /home/ubuntu/workspace/CST336/labs/lab4/scart/scart.php:35
[12-Nov-2018 20:34:07 UTC] PHP Warning:  Invalid argument supplied for foreach() in /home/ubuntu/workspace/CST336/labs/lab4/scart/functions.php on line 13
[12-Nov-2018 20:34:07 UTC] PHP Stack trace:
[12-Nov-2018 20:34:07 UTC] PHP   1. {main}() /home/ubuntu/workspace/CST336/labs/lab4/scart/scart.php:0
[12-Nov-2018 20:34:07 UTC] PHP   2. displayCart() /home/ubuntu/workspace/CST336/labs/lab4/scart/scart.php:35
[12-Nov-2018 20:34:08 UTC] PHP Warning:  Invalid argument supplied for foreach() in /home/ubuntu/workspace/CST336/labs/lab4/scart/functions.php on line 13
[12-Nov-2018 20:34:08 UTC] PHP Stack trace:
[12-Nov-2018 20:34:08 UTC] PHP   1. {main}() /home/ubuntu/workspace/CST336/labs/lab4/scart/scart.php:0
[12-Nov-2018 20:34:08 UTC] PHP   2. displayCart() /home/ubuntu/workspace/CST336/labs/lab4/scart/scart.php:35
[12-Nov-2018 20:34:08 UTC] PHP Warning:  Invalid argument supplied for foreach() in /home/ubuntu/workspace/CST336/labs/lab4/scart/functions.php on line 13
[12-Nov-2018 20:34:08 UTC] PHP Stack trace:
[12-Nov-2018 20:34:08 UTC] PHP   1. {main}() /home/ubuntu/workspace/CST336/labs/lab4/scart/scart.php:0
[12-Nov-2018 20:34:08 UTC] PHP   2. displayCart() /home/ubuntu/workspace/CST336/labs/lab4/scart/scart.php:35
[12-Nov-2018 20:34:46 UTC] PHP Warning:  Invalid argument supplied for foreach() in /home/ubuntu/workspace/CST336/labs/lab4/scart/functions.php on line 13
[12-Nov-2018 20:34:46 UTC] PHP Stack trace:
[12-Nov-2018 20:34:46 UTC] PHP   1. {main}() /home/ubuntu/workspace/CST336/labs/lab4/scart/scart.php:0
[12-Nov-2018 20:34:46 UTC] PHP   2. displayCart() /home/ubuntu/workspace/CST336/labs/lab4/scart/scart.php:35
[12-Nov-2018 20:34:47 UTC] PHP Warning:  Invalid argument supplied for foreach() in /home/ubuntu/workspace/CST336/labs/lab4/scart/functions.php on line 13
[12-Nov-2018 20:34:47 UTC] PHP Stack trace:
[12-Nov-2018 20:34:47 UTC] PHP   1. {main}() /home/ubuntu/workspace/CST336/labs/lab4/scart/scart.php:0
[12-Nov-2018 20:34:47 UTC] PHP   2. displayCart() /home/ubuntu/workspace/CST336/labs/lab4/scart/scart.php:35
[12-Nov-2018 20:34:51 UTC] PHP Warning:  Invalid argument supplied for foreach() in /home/ubuntu/workspace/CST336/labs/lab4/scart/functions.php on line 13
[12-Nov-2018 20:34:51 UTC] PHP Stack trace:
[12-Nov-2018 20:34:51 UTC] PHP   1. {main}() /home/ubuntu/workspace/CST336/labs/lab4/scart/scart.php:0
[12-Nov-2018 20:34:51 UTC] PHP   2. displayCart() /home/ubuntu/workspace/CST336/labs/lab4/scart/scart.php:35
[12-Nov-2018 20:37:03 UTC] PHP Warning:  Invalid argument supplied for foreach() in /home/ubuntu/workspace/CST336/labs/lab4/scart/functions.php on line 13
[12-Nov-2018 20:37:03 UTC] PHP Stack trace:
[12-Nov-2018 20:37:03 UTC] PHP   1. {main}() /home/ubuntu/workspace/CST336/labs/lab4/scart/scart.php:0
[12-Nov-2018 20:37:03 UTC] PHP   2. displayCart() /home/ubuntu/workspace/CST336/labs/lab4/scart/scart.php:35
[12-Nov-2018 20:45:43 UTC] PHP Warning:  Invalid argument supplied for foreach() in /home/ubuntu/workspace/CST336/labs/lab4/scart/functions.php on line 13
[12-Nov-2018 20:45:43 UTC] PHP Stack trace:
[12-Nov-2018 20:45:43 UTC] PHP   1. {main}() /home/ubuntu/workspace/CST336/labs/lab4/scart/scart.php:0
[12-Nov-2018 20:45:43 UTC] PHP   2. displayCart() /home/ubuntu/workspace/CST336/labs/lab4/scart/scart.php:39
[12-Nov-2018 20:45:48 UTC] PHP Warning:  Invalid argument supplied for foreach() in /home/ubuntu/workspace/CST336/labs/lab4/scart/functions.php on line 13
[12-Nov-2018 20:45:48 UTC] PHP Stack trace:
[12-Nov-2018 20:45:48 UTC] PHP   1. {main}() /home/ubuntu/workspace/CST336/labs/lab4/scart/scart.php:0
[12-Nov-2018 20:45:48 UTC] PHP   2. displayCart() /home/ubuntu/workspace/CST336/labs/lab4/scart/scart.php:39
[12-Nov-2018 20:45:50 UTC] PHP Warning:  Invalid argument supplied for foreach() in /home/ubuntu/workspace/CST336/labs/lab4/scart/functions.php on line 13
[12-Nov-2018 20:45:50 UTC] PHP Stack trace:
[12-Nov-2018 20:45:50 UTC] PHP   1. {main}() /home/ubuntu/workspace/CST336/labs/lab4/scart/scart.php:0
[12-Nov-2018 20:45:50 UTC] PHP   2. displayCart() /home/ubuntu/workspace/CST336/labs/lab4/scart/scart.php:39
[12-Nov-2018 20:46:10 UTC] PHP Warning:  Invalid argument supplied for foreach() in /home/ubuntu/workspace/CST336/labs/lab4/scart/functions.php on line 13
[12-Nov-2018 20:46:10 UTC] PHP Stack trace:
[12-Nov-2018 20:46:10 UTC] PHP   1. {main}() /home/ubuntu/workspace/CST336/labs/lab4/scart/scart.php:0
[12-Nov-2018 20:46:10 UTC] PHP   2. displayCart() /home/ubuntu/workspace/CST336/labs/lab4/scart/scart.php:39
[12-Nov-2018 20:46:28 UTC] PHP Warning:  Invalid argument supplied for foreach() in /home/ubuntu/workspace/CST336/labs/lab4/scart/functions.php on line 13
[12-Nov-2018 20:46:28 UTC] PHP Stack trace:
[12-Nov-2018 20:46:28 UTC] PHP   1. {main}() /home/ubuntu/workspace/CST336/labs/lab4/scart/scart.php:0
[12-Nov-2018 20:46:28 UTC] PHP   2. displayCart() /home/ubuntu/workspace/CST336/labs/lab4/scart/scart.php:39
[12-Nov-2018 20:47:24 UTC] PHP Warning:  Invalid argument supplied for foreach() in /home/ubuntu/workspace/CST336/labs/lab4/scart/functions.php on line 13
[12-Nov-2018 20:47:24 UTC] PHP Stack trace:
[12-Nov-2018 20:47:24 UTC] PHP   1. {main}() /home/ubuntu/workspace/CST336/labs/lab4/scart/scart.php:0
[12-Nov-2018 20:47:24 UTC] PHP   2. displayCart() /home/ubuntu/workspace/CST336/labs/lab4/scart/scart.php:39
[12-Nov-2018 20:48:16 UTC] PHP Warning:  Invalid argument supplied for foreach() in /home/ubuntu/workspace/CST336/labs/lab4/scart/functions.php on line 14
[12-Nov-2018 20:48:16 UTC] PHP Stack trace:
[12-Nov-2018 20:48:16 UTC] PHP   1. {main}() /home/ubuntu/workspace/CST336/labs/lab4/scart/scart.php:0
[12-Nov-2018 20:48:16 UTC] PHP   2. displayCart() /home/ubuntu/workspace/CST336/labs/lab4/scart/scart.php:39
[12-Nov-2018 20:48:47 UTC] PHP Warning:  array_push() expects parameter 1 to be array, string given in /home/ubuntu/workspace/CST336/labs/lab4/scart/index.php on line 12
[12-Nov-2018 20:48:47 UTC] PHP Stack trace:
[12-Nov-2018 20:48:47 UTC] PHP   1. {main}() /home/ubuntu/workspace/CST336/labs/lab4/scart/index.php:0
[12-Nov-2018 20:48:47 UTC] PHP   2. array_push() /home/ubuntu/workspace/CST336/labs/lab4/scart/index.php:12
[12-Nov-2018 20:48:55 UTC] PHP Warning:  array_push() expects parameter 1 to be array, string given in /home/ubuntu/workspace/CST336/labs/lab4/scart/index.php on line 12
[12-Nov-2018 20:48:55 UTC] PHP Stack trace:
[12-Nov-2018 20:48:55 UTC] PHP   1. {main}() /home/ubuntu/workspace/CST336/labs/lab4/scart/index.php:0
[12-Nov-2018 20:48:55 UTC] PHP   2. array_push() /home/ubuntu/workspace/CST336/labs/lab4/scart/index.php:12
[12-Nov-2018 20:48:56 UTC] PHP Warning:  Invalid argument supplied for foreach() in /home/ubuntu/workspace/CST336/labs/lab4/scart/functions.php on line 15
[12-Nov-2018 20:48:56 UTC] PHP Stack trace:
[12-Nov-2018 20:48:56 UTC] PHP   1. {main}() /home/ubuntu/workspace/CST336/labs/lab4/scart/scart.php:0
[12-Nov-2018 20:48:56 UTC] PHP   2. displayCart() /home/ubuntu/workspace/CST336/labs/lab4/scart/scart.php:39
[12-Nov-2018 20:49:00 UTC] PHP Warning:  Invalid argument supplied for foreach() in /home/ubuntu/workspace/CST336/labs/lab4/scart/functions.php on line 15
[12-Nov-2018 20:49:00 UTC] PHP Stack trace:
[12-Nov-2018 20:49:00 UTC] PHP   1. {main}() /home/ubuntu/workspace/CST336/labs/lab4/scart/scart.php:0
[12-Nov-2018 20:49:00 UTC] PHP   2. displayCart() /home/ubuntu/workspace/CST336/labs/lab4/scart/scart.php:39
[12-Nov-2018 20:49:34 UTC] PHP Warning:  Invalid argument supplied for foreach() in /home/ubuntu/workspace/CST336/labs/lab4/scart/functions.php on line 15
[12-Nov-2018 20:49:34 UTC] PHP Stack trace:
[12-Nov-2018 20:49:34 UTC] PHP   1. {main}() /home/ubuntu/workspace/CST336/labs/lab4/scart/scart.php:0
[12-Nov-2018 20:49:34 UTC] PHP   2. displayCart() /home/ubuntu/workspace/CST336/labs/lab4/scart/scart.php:39
[12-Nov-2018 20:49:53 UTC] PHP Warning:  Invalid argument supplied for foreach() in /home/ubuntu/workspace/CST336/labs/lab4/scart/functions.php on line 14
[12-Nov-2018 20:49:53 UTC] PHP Stack trace:
[12-Nov-2018 20:49:53 UTC] PHP   1. {main}() /home/ubuntu/workspace/CST336/labs/lab4/scart/scart.php:0
[12-Nov-2018 20:49:53 UTC] PHP   2. displayCart() /home/ubuntu/workspace/CST336/labs/lab4/scart/scart.php:39
[12-Nov-2018 20:50:26 UTC] PHP Warning:  Invalid argument supplied for foreach() in /home/ubuntu/workspace/CST336/labs/lab4/scart/functions.php on line 14
[12-Nov-2018 20:50:26 UTC] PHP Stack trace:
[12-Nov-2018 20:50:26 UTC] PHP   1. {main}() /home/ubuntu/workspace/CST336/labs/lab4/scart/scart.php:0
[12-Nov-2018 20:50:26 UTC] PHP   2. displayCart() /home/ubuntu/workspace/CST336/labs/lab4/scart/scart.php:39
[12-Nov-2018 20:55:08 UTC] PHP Warning:  Invalid argument supplied for foreach() in /home/ubuntu/workspace/CST336/labs/lab4/scart/functions.php on line 14
[12-Nov-2018 20:55:08 UTC] PHP Stack trace:
[12-Nov-2018 20:55:08 UTC] PHP   1. {main}() /home/ubuntu/workspace/CST336/labs/lab4/scart/scart.php:0
[12-Nov-2018 20:55:08 UTC] PHP   2. displayCart() /home/ubuntu/workspace/CST336/labs/lab4/scart/scart.php:39
[12-Nov-2018 20:57:10 UTC] PHP Warning:  Invalid argument supplied for foreach() in /home/ubuntu/workspace/CST336/labs/lab4/scart/functions.php on line 14
[12-Nov-2018 20:57:10 UTC] PHP Stack trace:
[12-Nov-2018 20:57:10 UTC] PHP   1. {main}() /home/ubuntu/workspace/CST336/labs/lab4/scart/scart.php:0
[12-Nov-2018 20:57:10 UTC] PHP   2. displayCart() /home/ubuntu/workspace/CST336/labs/lab4/scart/scart.php:40
[12-Nov-2018 20:57:20 UTC] PHP Warning:  Invalid argument supplied for foreach() in /home/ubuntu/workspace/CST336/labs/lab4/scart/functions.php on line 14
[12-Nov-2018 20:57:20 UTC] PHP Stack trace:
[12-Nov-2018 20:57:20 UTC] PHP   1. {main}() /home/ubuntu/workspace/CST336/labs/lab4/scart/scart.php:0
[12-Nov-2018 20:57:20 UTC] PHP   2. displayCart() /home/ubuntu/workspace/CST336/labs/lab4/scart/scart.php:40
[12-Nov-2018 21:00:07 UTC] PHP Warning:  array_push() expects parameter 1 to be array, string given in /home/ubuntu/workspace/CST336/labs/lab4/scart/index.php on line 37
[12-Nov-2018 21:00:07 UTC] PHP Stack trace:
[12-Nov-2018 21:00:07 UTC] PHP   1. {main}() /home/ubuntu/workspace/CST336/labs/lab4/scart/index.php:0
[12-Nov-2018 21:00:07 UTC] PHP   2. array_push() /home/ubuntu/workspace/CST336/labs/lab4/scart/index.php:37
[12-Nov-2018 21:04:11 UTC] PHP Warning:  array_push() expects parameter 1 to be array, string given in /home/ubuntu/workspace/CST336/labs/lab4/scart/index.php on line 38
[12-Nov-2018 21:04:11 UTC] PHP Stack trace:
[12-Nov-2018 21:04:11 UTC] PHP   1. {main}() /home/ubuntu/workspace/CST336/labs/lab4/scart/index.php:0
[12-Nov-2018 21:04:11 UTC] PHP   2. array_push() /home/ubuntu/workspace/CST336/labs/lab4/scart/index.php:38
[12-Nov-2018 21:44:55 UTC] PHP Warning:  array_push() expects parameter 1 to be array, string given in /home/ubuntu/workspace/CST336/labs/lab4/scart/index.php on line 36
[12-Nov-2018 21:44:55 UTC] PHP Stack trace:
[12-Nov-2018 21:44:55 UTC] PHP   1. {main}() /home/ubuntu/workspace/CST336/labs/lab4/scart/index.php:0
[12-Nov-2018 21:44:55 UTC] PHP   2. array_push() /home/ubuntu/workspace/CST336/labs/lab4/scart/index.php:36
[13-Nov-2018 00:01:21 UTC] PHP Parse error:  syntax error, unexpected '}', expecting ',' or ';' in /home/ubuntu/workspace/CST336/labs/lab4/scart/index.php on line 31
[13-Nov-2018 00:06:06 UTC] PHP Parse error:  syntax error, unexpected 'if' (T_IF), expecting ',' or ';' in /home/ubuntu/workspace/CST336/labs/lab4/scart/scart.php on line 44
[13-Nov-2018 03:48:20 UTC] PHP Warning:  Illegal string offset 'name' in /home/ubuntu/workspace/CST336/labs/lab4/scart/functions.php on line 16
[13-Nov-2018 03:48:20 UTC] PHP Stack trace:
[13-Nov-2018 03:48:20 UTC] PHP   1. {main}() /home/ubuntu/workspace/CST336/labs/lab4/scart/scart.php:0
[13-Nov-2018 03:48:20 UTC] PHP   2. displayCart() /home/ubuntu/workspace/CST336/labs/lab4/scart/scart.php:40
[13-Nov-2018 03:48:20 UTC] PHP Warning:  Illegal string offset 'price' in /home/ubuntu/workspace/CST336/labs/lab4/scart/functions.php on line 17
[13-Nov-2018 03:48:20 UTC] PHP Stack trace:
[13-Nov-2018 03:48:20 UTC] PHP   1. {main}() /home/ubuntu/workspace/CST336/labs/lab4/scart/scart.php:0
[13-Nov-2018 03:48:20 UTC] PHP   2. displayCart() /home/ubuntu/workspace/CST336/labs/lab4/scart/scart.php:40
[13-Nov-2018 03:48:20 UTC] PHP Warning:  Illegal string offset 'image' in /home/ubuntu/workspace/CST336/labs/lab4/scart/functions.php on line 18
[13-Nov-2018 03:48:20 UTC] PHP Stack trace:
[13-Nov-2018 03:48:20 UTC] PHP   1. {main}() /home/ubuntu/workspace/CST336/labs/lab4/scart/scart.php:0
[13-Nov-2018 03:48:20 UTC] PHP   2. displayCart() /home/ubuntu/workspace/CST336/labs/lab4/scart/scart.php:40
[13-Nov-2018 03:48:20 UTC] PHP Warning:  Illegal string offset 'id' in /home/ubuntu/workspace/CST336/labs/lab4/scart/functions.php on line 19
[13-Nov-2018 03:48:20 UTC] PHP Stack trace:
[13-Nov-2018 03:48:20 UTC] PHP   1. {main}() /home/ubuntu/workspace/CST336/labs/lab4/scart/scart.php:0
[13-Nov-2018 03:48:20 UTC] PHP   2. displayCart() /home/ubuntu/workspace/CST336/labs/lab4/scart/scart.php:40
[13-Nov-2018 03:48:20 UTC] PHP Warning:  Illegal string offset 'name' in /home/ubuntu/workspace/CST336/labs/lab4/scart/functions.php on line 16
[13-Nov-2018 03:48:20 UTC] PHP Stack trace:
[13-Nov-2018 03:48:20 UTC] PHP   1. {main}() /home/ubuntu/workspace/CST336/labs/lab4/scart/scart.php:0
[13-Nov-2018 03:48:20 UTC] PHP   2. displayCart() /home/ubuntu/workspace/CST336/labs/lab4/scart/scart.php:40
[13-Nov-2018 03:48:20 UTC] PHP Warning:  Illegal string offset 'price' in /home/ubuntu/workspace/CST336/labs/lab4/scart/functions.php on line 17
[13-Nov-2018 03:48:20 UTC] PHP Stack trace:
[13-Nov-2018 03:48:20 UTC] PHP   1. {main}() /home/ubuntu/workspace/CST336/labs/lab4/scart/scart.php:0
[13-Nov-2018 03:48:20 UTC] PHP   2. displayCart() /home/ubuntu/workspace/CST336/labs/lab4/scart/scart.php:40
[13-Nov-2018 03:48:20 UTC] PHP Warning:  Illegal string offset 'image' in /home/ubuntu/workspace/CST336/labs/lab4/scart/functions.php on line 18
[13-Nov-2018 03:48:20 UTC] PHP Stack trace:
[13-Nov-2018 03:48:20 UTC] PHP   1. {main}() /home/ubuntu/workspace/CST336/labs/lab4/scart/scart.php:0
[13-Nov-2018 03:48:20 UTC] PHP   2. displayCart() /home/ubuntu/workspace/CST336/labs/lab4/scart/scart.php:40
[13-Nov-2018 03:48:20 UTC] PHP Warning:  Illegal string offset 'id' in /home/ubuntu/workspace/CST336/labs/lab4/scart/functions.php on line 19
[13-Nov-2018 03:48:20 UTC] PHP Stack trace:
[13-Nov-2018 03:48:20 UTC] PHP   1. {main}() /home/ubuntu/workspace/CST336/labs/lab4/scart/scart.php:0
[13-Nov-2018 03:48:20 UTC] PHP   2. displayCart() /home/ubuntu/workspace/CST336/labs/lab4/scart/scart.php:40
[13-Nov-2018 04:26:26 UTC] PHP Parse error:  syntax error, unexpected 'echo' (T_ECHO), expecting ',' or ';' in /home/ubuntu/workspace/CST336/labs/lab4/scart/functions.php on line 34
[13-Nov-2018 04:26:26 UTC] PHP Stack trace:
[13-Nov-2018 04:26:26 UTC] PHP   1. {main}() /home/ubuntu/workspace/CST336/labs/lab4/scart/index.php:0
[13-Nov-2018 04:27:10 UTC] PHP Parse error:  syntax error, unexpected 'echo' (T_ECHO), expecting ',' or ';' in /home/ubuntu/workspace/CST336/labs/lab4/scart/functions.php on line 34
[13-Nov-2018 04:27:10 UTC] PHP Stack trace:
[13-Nov-2018 04:27:10 UTC] PHP   1. {main}() /home/ubuntu/workspace/CST336/labs/lab4/scart/index.php:0
[13-Nov-2018 04:27:12 UTC] PHP Parse error:  syntax error, unexpected 'echo' (T_ECHO), expecting ',' or ';' in /home/ubuntu/workspace/CST336/labs/lab4/scart/functions.php on line 34
[13-Nov-2018 04:27:12 UTC] PHP Stack trace:
[13-Nov-2018 04:27:12 UTC] PHP   1. {main}() /home/ubuntu/workspace/CST336/labs/lab4/scart/index.php:0
