[03-Dec-2018 09:42:21 UTC] PHP Fatal error:  Uncaught exception 'PDOException' with message 'SQLSTATE[HY000] [1044] Access denied for user 'bcfd1b26f774f7'@'%' to database 'pets'' in /home/ubuntu/workspace/CST336/labs/lab8/pets/dbConnection.php:9
Stack trace:
#0 /home/ubuntu/workspace/CST336/labs/lab8/pets/dbConnection.php(9): PDO->__construct('mysql:host=us-c...', 'bcfd1b26f774f7', 'b9e00463')
#1 /home/ubuntu/workspace/CST336/labs/lab8/pets/api/getPetInfo.php(4): getDatabaseConnection('pets')
#2 {main}
  thrown in /home/ubuntu/workspace/CST336/labs/lab8/pets/dbConnection.php on line 9
[03-Dec-2018 09:42:45 UTC] PHP Fatal error:  Uncaught exception 'PDOException' with message 'SQLSTATE[HY000] [1044] Access denied for user 'bcfd1b26f774f7'@'%' to database 'pets'' in /home/ubuntu/workspace/CST336/labs/lab8/pets/dbConnection.php:9
Stack trace:
#0 /home/ubuntu/workspace/CST336/labs/lab8/pets/dbConnection.php(9): PDO->__construct('mysql:host=us-c...', 'bcfd1b26f774f7', 'b9e00463')
#1 /home/ubuntu/workspace/CST336/labs/lab8/pets/api/getPetInfo.php(4): getDatabaseConnection('pets')
#2 {main}
  thrown in /home/ubuntu/workspace/CST336/labs/lab8/pets/dbConnection.php on line 9
[03-Dec-2018 09:43:54 UTC] PHP Fatal error:  Uncaught exception 'PDOException' with message 'SQLSTATE[HY000] [1045] Access denied for user 'root'@'ec2-35-173-247-111.compute-1.amazonaws.com' (using password: NO)' in /home/ubuntu/workspace/CST336/labs/lab8/pets/dbConnection.php:9
Stack trace:
#0 /home/ubuntu/workspace/CST336/labs/lab8/pets/dbConnection.php(9): PDO->__construct('mysql:host=us-c...', 'root', '')
#1 /home/ubuntu/workspace/CST336/labs/lab8/pets/api/getPetInfo.php(4): getDatabaseConnection('pets')
#2 {main}
  thrown in /home/ubuntu/workspace/CST336/labs/lab8/pets/dbConnection.php on line 9
[03-Dec-2018 09:45:47 UTC] PHP Fatal error:  Uncaught exception 'PDOException' with message 'SQLSTATE[HY000] [1044] Access denied for user 'bcfd1b26f774f7'@'%' to database 'pets'' in /home/ubuntu/workspace/CST336/labs/lab8/pets/dbConnection.php:9
Stack trace:
#0 /home/ubuntu/workspace/CST336/labs/lab8/pets/dbConnection.php(9): PDO->__construct('mysql:host=us-c...', 'bcfd1b26f774f7', 'b9e00463')
#1 /home/ubuntu/workspace/CST336/labs/lab8/pets/api/getPetInfo.php(4): getDatabaseConnection('pets')
#2 {main}
  thrown in /home/ubuntu/workspace/CST336/labs/lab8/pets/dbConnection.php on line 9
[03-Dec-2018 09:47:41 UTC] PHP Fatal error:  Uncaught exception 'PDOException' with message 'SQLSTATE[HY000] [1044] Access denied for user 'bcfd1b26f774f7'@'%' to database 'pets'' in /home/ubuntu/workspace/CST336/labs/lab8/pets/dbConnection.php:9
Stack trace:
#0 /home/ubuntu/workspace/CST336/labs/lab8/pets/dbConnection.php(9): PDO->__construct('mysql:host=us-c...', 'bcfd1b26f774f7', 'b9e00463')
#1 /home/ubuntu/workspace/CST336/labs/lab8/pets/api/getPetInfo.php(4): getDatabaseConnection('pets')
#2 {main}
  thrown in /home/ubuntu/workspace/CST336/labs/lab8/pets/dbConnection.php on line 9
[03-Dec-2018 09:50:56 UTC] PHP Fatal error:  Uncaught exception 'PDOException' with message 'SQLSTATE[HY000] [1044] Access denied for user 'bcfd1b26f774f7'@'%' to database 'pets'' in /home/ubuntu/workspace/CST336/labs/lab8/pets/dbConnection.php:9
Stack trace:
#0 /home/ubuntu/workspace/CST336/labs/lab8/pets/dbConnection.php(9): PDO->__construct('mysql:host=us-c...', 'bcfd1b26f774f7', 'b9e00463')
#1 /home/ubuntu/workspace/CST336/labs/lab8/pets/api/getPetInfo.php(4): getDatabaseConnection('pets')
#2 {main}
  thrown in /home/ubuntu/workspace/CST336/labs/lab8/pets/dbConnection.php on line 9
[03-Dec-2018 09:50:57 UTC] PHP Fatal error:  Uncaught exception 'PDOException' with message 'SQLSTATE[HY000] [1044] Access denied for user 'bcfd1b26f774f7'@'%' to database 'pets'' in /home/ubuntu/workspace/CST336/labs/lab8/pets/dbConnection.php:9
Stack trace:
#0 /home/ubuntu/workspace/CST336/labs/lab8/pets/dbConnection.php(9): PDO->__construct('mysql:host=us-c...', 'bcfd1b26f774f7', 'b9e00463')
#1 /home/ubuntu/workspace/CST336/labs/lab8/pets/api/getPetInfo.php(4): getDatabaseConnection('pets')
#2 {main}
  thrown in /home/ubuntu/workspace/CST336/labs/lab8/pets/dbConnection.php on line 9
[03-Dec-2018 09:50:59 UTC] PHP Fatal error:  Uncaught exception 'PDOException' with message 'SQLSTATE[HY000] [1044] Access denied for user 'bcfd1b26f774f7'@'%' to database 'pets'' in /home/ubuntu/workspace/CST336/labs/lab8/pets/dbConnection.php:9
Stack trace:
#0 /home/ubuntu/workspace/CST336/labs/lab8/pets/dbConnection.php(9): PDO->__construct('mysql:host=us-c...', 'bcfd1b26f774f7', 'b9e00463')
#1 /home/ubuntu/workspace/CST336/labs/lab8/pets/api/getPetInfo.php(4): getDatabaseConnection('pets')
#2 {main}
  thrown in /home/ubuntu/workspace/CST336/labs/lab8/pets/dbConnection.php on line 9
[03-Dec-2018 09:51:44 UTC] PHP Fatal error:  Uncaught exception 'PDOException' with message 'SQLSTATE[HY000] [1044] Access denied for user 'bcfd1b26f774f7'@'%' to database 'pets'' in /home/ubuntu/workspace/CST336/labs/lab8/pets/dbConnection.php:9
Stack trace:
#0 /home/ubuntu/workspace/CST336/labs/lab8/pets/dbConnection.php(9): PDO->__construct('mysql:host=us-c...', 'bcfd1b26f774f7', 'b9e00463')
#1 /home/ubuntu/workspace/CST336/labs/lab8/pets/api/getPetInfo.php(4): getDatabaseConnection('pets')
#2 {main}
  thrown in /home/ubuntu/workspace/CST336/labs/lab8/pets/dbConnection.php on line 9
[03-Dec-2018 09:51:45 UTC] PHP Fatal error:  Uncaught exception 'PDOException' with message 'SQLSTATE[HY000] [1044] Access denied for user 'bcfd1b26f774f7'@'%' to database 'pets'' in /home/ubuntu/workspace/CST336/labs/lab8/pets/dbConnection.php:9
Stack trace:
#0 /home/ubuntu/workspace/CST336/labs/lab8/pets/dbConnection.php(9): PDO->__construct('mysql:host=us-c...', 'bcfd1b26f774f7', 'b9e00463')
#1 /home/ubuntu/workspace/CST336/labs/lab8/pets/api/getPetInfo.php(4): getDatabaseConnection('pets')
#2 {main}
  thrown in /home/ubuntu/workspace/CST336/labs/lab8/pets/dbConnection.php on line 9
[03-Dec-2018 09:52:47 UTC] PHP Fatal error:  Uncaught exception 'PDOException' with message 'SQLSTATE[HY000] [1044] Access denied for user 'bcfd1b26f774f7'@'%' to database 'pets'' in /home/ubuntu/workspace/CST336/labs/lab8/pets/dbConnection.php:9
Stack trace:
#0 /home/ubuntu/workspace/CST336/labs/lab8/pets/dbConnection.php(9): PDO->__construct('mysql:host=us-c...', 'bcfd1b26f774f7', 'b9e00463')
#1 /home/ubuntu/workspace/CST336/labs/lab8/pets/api/getPetInfo.php(4): getDatabaseConnection('pets')
#2 {main}
  thrown in /home/ubuntu/workspace/CST336/labs/lab8/pets/dbConnection.php on line 9
